<?xml version="1.0" encoding="UTF-8"?>
<testsuite name="fundamentals.data_structure.ListOperatorTest" tests="1" skipped="0" failures="0" errors="0" timestamp="2019-02-20T20:23:31" hostname="Gani-PC" time="0.003">
  <properties/>
  <testcase name="TestAppendToNull" classname="fundamentals.data_structure.ListOperatorTest" time="0.003"/>
  <system-out><![CDATA[]]></system-out>
  <system-err><![CDATA[]]></system-err>
</testsuite>
